Tue Jun 20 20:54:14 CST 2017
Tue Jun 20 21:03:03 CST 2017
Wed Jun 21 00:03:08 CST 2017
Wed Jun 21 03:03:06 CST 2017
Wed Jun 21 06:03:06 CST 2017
Wed Jun 21 09:03:05 CST 2017
Wed Jun 21 12:03:06 CST 2017
Wed Jun 21 15:03:10 CST 2017
Wed Jun 21 21:03:04 CST 2017
Thu Jun 22 00:03:04 CST 2017
Thu Jun 22 03:03:05 CST 2017
Thu Jun 22 06:03:08 CST 2017
Thu Jun 22 09:03:06 CST 2017
Thu Jun 22 12:03:05 CST 2017
Thu Jun 22 15:03:03 CST 2017
Thu Jun 22 18:03:07 CST 2017
Thu Jun 22 21:03:04 CST 2017
Fri Jun 23 00:03:05 CST 2017
Fri Jun 23 03:03:05 CST 2017
Fri Jun 23 06:03:05 CST 2017
Fri Jun 23 09:03:05 CST 2017
Fri Jun 23 12:03:05 CST 2017
Fri Jun 23 15:03:04 CST 2017
Fri Jun 23 18:03:05 CST 2017
Fri Jun 23 21:03:01 CST 2017
Sat Jun 24 00:03:02 CST 2017
Sat Jun 24 03:03:01 CST 2017
Sat Jun 24 06:03:02 CST 2017
Sat Jun 24 09:03:01 CST 2017
Sat Jun 24 12:03:02 CST 2017
Sat Jun 24 15:03:02 CST 2017
Sat Jun 24 18:03:02 CST 2017
Sat Jun 24 21:03:01 CST 2017
Sun Jun 25 00:03:01 CST 2017
Sun Jun 25 03:03:02 CST 2017
Sun Jun 25 06:03:02 CST 2017
Sun Jun 25 09:03:02 CST 2017
Sun Jun 25 12:03:01 CST 2017
Sun Jun 25 15:03:02 CST 2017
Sun Jun 25 18:03:02 CST 2017
Sun Jun 25 21:03:01 CST 2017
Mon Jun 26 00:03:01 CST 2017
Mon Jun 26 03:03:01 CST 2017
Mon Jun 26 06:03:03 CST 2017
Mon Jun 26 09:03:01 CST 2017
Mon Jun 26 12:03:02 CST 2017
